  gui.cpp
D:\Users\Hlib\Documents\Projects\VisualStudio\slow-mouse\gui.h(12,14): error C7525: inline variables require at least '/std:c++17'
D:\Users\Hlib\Documents\Projects\VisualStudio\slow-mouse\gui.h(15,14): error C7525: inline variables require at least '/std:c++17'
D:\Users\Hlib\Documents\Projects\VisualStudio\slow-mouse\gui.h(16,20): error C7525: inline variables require at least '/std:c++17'
D:\Users\Hlib\Documents\Projects\VisualStudio\slow-mouse\gui.h(19,16): error C7525: inline variables require at least '/std:c++17'
D:\Users\Hlib\Documents\Projects\VisualStudio\slow-mouse\gui.h(22,20): error C7525: inline variables require at least '/std:c++17'
D:\Users\Hlib\Documents\Projects\VisualStudio\slow-mouse\gui.h(23,27): error C7525: inline variables require at least '/std:c++17'
D:\Users\Hlib\Documents\Projects\VisualStudio\slow-mouse\gui.h(24,31): error C7525: inline variables require at least '/std:c++17'
D:\Users\Hlib\Documents\Projects\VisualStudio\slow-mouse\gui.cpp(75,22): warning C4244: 'return': conversion from 'LRESULT' to 'long', possible loss of data
D:\Users\Hlib\Documents\Projects\VisualStudio\slow-mouse\gui.cpp(82,28): error C2440: '=': cannot convert from 'long (__cdecl *)(HWND,UINT,WPARAM,LPARAM)' to 'WNDPROC'
D:\Users\Hlib\Documents\Projects\VisualStudio\slow-mouse\gui.cpp(82,28): message : This conversion requires a reinterpret_cast, a C-style cast or parenthesized function-style cast
D:\Users\Hlib\Documents\Projects\VisualStudio\slow-mouse\gui.cpp(90,30): error C2440: '=': cannot convert from 'const char [9]' to 'LPCWSTR'
D:\Users\Hlib\Documents\Projects\VisualStudio\slow-mouse\gui.cpp(90,30): message : Types pointed to are unrelated; conversion requires reinterpret_cast, C-style cast or parenthesized function-style cast
D:\Users\Hlib\Documents\Projects\VisualStudio\slow-mouse\gui.cpp(95,11): error C2664: 'HWND CreateWindowExW(DWORD,LPCWSTR,LPCWSTR,DWORD,int,int,int,int,HWND,HMENU,HINSTANCE,LPVOID)': cannot convert argument 2 from 'const char [9]' to 'LPCWSTR'
D:\Users\Hlib\Documents\Projects\VisualStudio\slow-mouse\gui.cpp(97,3): message : Types pointed to are unrelated; conversion requires reinterpret_cast, C-style cast or parenthesized function-style cast
C:\Program Files (x86)\Windows Kits\10\Include\10.0.22621.0\um\winuser.h(4437,1): message : see declaration of 'CreateWindowExW'
D:\Users\Hlib\Documents\Projects\VisualStudio\slow-mouse\gui.cpp(95,11): message : while trying to match the argument list '(int, const char [9], const char *, unsigned long, int, int, const int, const int, int, int, HINSTANCE, int)'
  imgui.cpp
  imgui_demo.cpp
  imgui_draw.cpp
  imgui_impl_dx9.cpp
  imgui_impl_win32.cpp
  imgui_tables.cpp
  imgui_widgets.cpp
  main.cpp
D:\Users\Hlib\Documents\Projects\VisualStudio\slow-mouse\gui.h(12,14): error C7525: inline variables require at least '/std:c++17'
D:\Users\Hlib\Documents\Projects\VisualStudio\slow-mouse\gui.h(15,14): error C7525: inline variables require at least '/std:c++17'
D:\Users\Hlib\Documents\Projects\VisualStudio\slow-mouse\gui.h(16,20): error C7525: inline variables require at least '/std:c++17'
D:\Users\Hlib\Documents\Projects\VisualStudio\slow-mouse\gui.h(19,16): error C7525: inline variables require at least '/std:c++17'
D:\Users\Hlib\Documents\Projects\VisualStudio\slow-mouse\gui.h(22,20): error C7525: inline variables require at least '/std:c++17'
D:\Users\Hlib\Documents\Projects\VisualStudio\slow-mouse\gui.h(23,27): error C7525: inline variables require at least '/std:c++17'
D:\Users\Hlib\Documents\Projects\VisualStudio\slow-mouse\gui.h(24,31): error C7525: inline variables require at least '/std:c++17'
